Analysis & Synthesis report for audio_codec
Wed Jun 12 11:56:33 2024
Quartus Prime Version 21.1.1 Build 850 06/23/2022 SJ Lite Edition


---------------------
; Table of Contents ;
---------------------
  1. Legal Notice
  2. Analysis & Synthesis Summary
  3. Analysis & Synthesis Settings
  4. Parallel Compilation
  5. Analysis & Synthesis Source Files Read
  6. Analysis & Synthesis Resource Usage Summary
  7. Analysis & Synthesis Resource Utilization by Entity
  8. State Machine - |audio_codec|i2c_initializer:I2C_INIT|i2c_state
  9. State Machine - |audio_codec|i2c:WM8731|i2c_fsm
 10. Registers Removed During Synthesis
 11. General Register Statistics
 12. Multiplexer Restructuring Statistics (Restructuring Performed)
 13. Port Connectivity Checks: "i2c_initializer:I2C_INIT"
 14. Post-Synthesis Netlist Statistics for Top Partition
 15. Elapsed Time Per Partition
 16. Analysis & Synthesis Messages



----------------
; Legal Notice ;
----------------
Copyright (C) 2022  Intel Corporation. All rights reserved.
Your use of Intel Corporation's design tools, logic functions 
and other software and tools, and any partner logic 
functions, and any output files from any of the foregoing 
(including device programming or simulation files), and any 
associated documentation or information are expressly subject 
to the terms and conditions of the Intel Program License 
Subscription Agreement, the Intel Quartus Prime License Agreement,
the Intel FPGA IP License Agreement, or other applicable license
agreement, including, without limitation, that your use is for
the sole purpose of programming logic devices manufactured by
Intel and sold by Intel or its authorized distributors.  Please
refer to the applicable agreement for further details, at
https://fpgasoftware.intel.com/eula.



+-------------------------------------------------------------------------------+
; Analysis & Synthesis Summary                                                  ;
+---------------------------------+---------------------------------------------+
; Analysis & Synthesis Status     ; Successful - Wed Jun 12 11:56:33 2024       ;
; Quartus Prime Version           ; 21.1.1 Build 850 06/23/2022 SJ Lite Edition ;
; Revision Name                   ; audio_codec                                 ;
; Top-level Entity Name           ; audio_codec                                 ;
; Family                          ; Cyclone V                                   ;
; Logic utilization (in ALMs)     ; N/A                                         ;
; Total registers                 ; 50                                          ;
; Total pins                      ; 9                                           ;
; Total virtual pins              ; 0                                           ;
; Total block memory bits         ; 0                                           ;
; Total DSP Blocks                ; 0                                           ;
; Total HSSI RX PCSs              ; 0                                           ;
; Total HSSI PMA RX Deserializers ; 0                                           ;
; Total HSSI TX PCSs              ; 0                                           ;
; Total HSSI PMA TX Serializers   ; 0                                           ;
; Total PLLs                      ; 0                                           ;
; Total DLLs                      ; 0                                           ;
+---------------------------------+---------------------------------------------+


+---------------------------------------------------------------------------------------------------------------------------+
; Analysis & Synthesis Settings                                                                                             ;
+---------------------------------------------------------------------------------+--------------------+--------------------+
; Option                                                                          ; Setting            ; Default Value      ;
+---------------------------------------------------------------------------------+--------------------+--------------------+
; Device                                                                          ; 5CSXFC6D6F31C6     ;                    ;
; Top-level entity name                                                           ; audio_codec        ; audio_codec        ;
; Family name                                                                     ; Cyclone V          ; Cyclone V          ;
; Use smart compilation                                                           ; Off                ; Off                ;
; Enable parallel Assembler and Timing Analyzer during compilation                ; On                 ; On                 ;
; Enable compact report table                                                     ; Off                ; Off                ;
; Restructure Multiplexers                                                        ; Auto               ; Auto               ;
; MLAB Add Timing Constraints For Mixed-Port Feed-Through Mode Setting Don't Care ; Off                ; Off                ;
; Create Debugging Nodes for IP Cores                                             ; Off                ; Off                ;
; Preserve fewer node names                                                       ; On                 ; On                 ;
; Intel FPGA IP Evaluation Mode                                                   ; Enable             ; Enable             ;
; Verilog Version                                                                 ; Verilog_2001       ; Verilog_2001       ;
; VHDL Version                                                                    ; VHDL_1993          ; VHDL_1993          ;
; State Machine Processing                                                        ; Auto               ; Auto               ;
; Safe State Machine                                                              ; Off                ; Off                ;
; Extract Verilog State Machines                                                  ; On                 ; On                 ;
; Extract VHDL State Machines                                                     ; On                 ; On                 ;
; Ignore Verilog initial constructs                                               ; Off                ; Off                ;
; Iteration limit for constant Verilog loops                                      ; 5000               ; 5000               ;
; Iteration limit for non-constant Verilog loops                                  ; 250                ; 250                ;
; Add Pass-Through Logic to Inferred RAMs                                         ; On                 ; On                 ;
; Infer RAMs from Raw Logic                                                       ; On                 ; On                 ;
; Parallel Synthesis                                                              ; On                 ; On                 ;
; DSP Block Balancing                                                             ; Auto               ; Auto               ;
; NOT Gate Push-Back                                                              ; On                 ; On                 ;
; Power-Up Don't Care                                                             ; On                 ; On                 ;
; Remove Redundant Logic Cells                                                    ; Off                ; Off                ;
; Remove Duplicate Registers                                                      ; On                 ; On                 ;
; Ignore CARRY Buffers                                                            ; Off                ; Off                ;
; Ignore CASCADE Buffers                                                          ; Off                ; Off                ;
; Ignore GLOBAL Buffers                                                           ; Off                ; Off                ;
; Ignore ROW GLOBAL Buffers                                                       ; Off                ; Off                ;
; Ignore LCELL Buffers                                                            ; Off                ; Off                ;
; Ignore SOFT Buffers                                                             ; On                 ; On                 ;
; Limit AHDL Integers to 32 Bits                                                  ; Off                ; Off                ;
; Optimization Technique                                                          ; Balanced           ; Balanced           ;
; Carry Chain Length                                                              ; 70                 ; 70                 ;
; Auto Carry Chains                                                               ; On                 ; On                 ;
; Auto Open-Drain Pins                                                            ; On                 ; On                 ;
; Perform WYSIWYG Primitive Resynthesis                                           ; Off                ; Off                ;
; Auto ROM Replacement                                                            ; On                 ; On                 ;
; Auto RAM Replacement                                                            ; On                 ; On                 ;
; Auto DSP Block Replacement                                                      ; On                 ; On                 ;
; Auto Shift Register Replacement                                                 ; Auto               ; Auto               ;
; Allow Shift Register Merging across Hierarchies                                 ; Auto               ; Auto               ;
; Auto Clock Enable Replacement                                                   ; On                 ; On                 ;
; Strict RAM Replacement                                                          ; Off                ; Off                ;
; Allow Synchronous Control Signals                                               ; On                 ; On                 ;
; Force Use of Synchronous Clear Signals                                          ; Off                ; Off                ;
; Auto Resource Sharing                                                           ; Off                ; Off                ;
; Allow Any RAM Size For Recognition                                              ; Off                ; Off                ;
; Allow Any ROM Size For Recognition                                              ; Off                ; Off                ;
; Allow Any Shift Register Size For Recognition                                   ; Off                ; Off                ;
; Use LogicLock Constraints during Resource Balancing                             ; On                 ; On                 ;
; Ignore translate_off and synthesis_off directives                               ; Off                ; Off                ;
; Timing-Driven Synthesis                                                         ; On                 ; On                 ;
; Report Parameter Settings                                                       ; On                 ; On                 ;
; Report Source Assignments                                                       ; On                 ; On                 ;
; Report Connectivity Checks                                                      ; On                 ; On                 ;
; Ignore Maximum Fan-Out Assignments                                              ; Off                ; Off                ;
; Synchronization Register Chain Length                                           ; 3                  ; 3                  ;
; Power Optimization During Synthesis                                             ; Normal compilation ; Normal compilation ;
; HDL message level                                                               ; Level2             ; Level2             ;
; Suppress Register Optimization Related Messages                                 ; Off                ; Off                ;
; Number of Removed Registers Reported in Synthesis Report                        ; 5000               ; 5000               ;
; Number of Swept Nodes Reported in Synthesis Report                              ; 5000               ; 5000               ;
; Number of Inverted Registers Reported in Synthesis Report                       ; 100                ; 100                ;
; Clock MUX Protection                                                            ; On                 ; On                 ;
; Auto Gated Clock Conversion                                                     ; Off                ; Off                ;
; Block Design Naming                                                             ; Auto               ; Auto               ;
; SDC constraint protection                                                       ; Off                ; Off                ;
; Synthesis Effort                                                                ; Auto               ; Auto               ;
; Shift Register Replacement - Allow Asynchronous Clear Signal                    ; On                 ; On                 ;
; Pre-Mapping Resynthesis Optimization                                            ; Off                ; Off                ;
; Analysis & Synthesis Message Level                                              ; Medium             ; Medium             ;
; Disable Register Merging Across Hierarchies                                     ; Auto               ; Auto               ;
; Resource Aware Inference For Block RAM                                          ; On                 ; On                 ;
; Automatic Parallel Synthesis                                                    ; On                 ; On                 ;
; Partial Reconfiguration Bitstream ID                                            ; Off                ; Off                ;
+---------------------------------------------------------------------------------+--------------------+--------------------+


+------------------------------------------+
; Parallel Compilation                     ;
+----------------------------+-------------+
; Processors                 ; Number      ;
+----------------------------+-------------+
; Number detected on machine ; 8           ;
; Maximum allowed            ; 4           ;
;                            ;             ;
; Average used               ; 1.00        ;
; Maximum used               ; 4           ;
;                            ;             ;
; Usage by Processor         ; % Time Used ;
;     Processor 1            ; 100.0%      ;
;     Processor 2            ;   0.0%      ;
;     Processors 3-4         ;   0.0%      ;
+----------------------------+-------------+


+---------------------------------------------------------------------------------------------------------------------------------------------------------+
; Analysis & Synthesis Source Files Read                                                                                                                  ;
+----------------------------------+-----------------+-----------------+------------------------------------------------------------------------+---------+
; File Name with User-Entered Path ; Used in Netlist ; File Type       ; File Name with Absolute Path                                           ; Library ;
+----------------------------------+-----------------+-----------------+------------------------------------------------------------------------+---------+
; audio_codec.vhd                  ; yes             ; User VHDL File  ; D:/RTU/FPGA/WM8731_codec/WM8731_codec/audio_codec.vhd                  ;         ;
; i2c.vhd                          ; yes             ; User VHDL File  ; D:/RTU/FPGA/WM8731_codec/WM8731_codec/i2c.vhd                          ;         ;
; clock_divider.vhd                ; yes             ; User VHDL File  ; D:/RTU/FPGA/WM8731_codec/WM8731_codec/clock_divider.vhd                ;         ;
; output_files/i2c_initializer.vhd ; yes             ; User VHDL File  ; D:/RTU/FPGA/WM8731_codec/WM8731_codec/output_files/i2c_initializer.vhd ;         ;
+----------------------------------+-----------------+-----------------+------------------------------------------------------------------------+---------+


+--------------------------------------------------------------+
; Analysis & Synthesis Resource Usage Summary                  ;
+---------------------------------------------+----------------+
; Resource                                    ; Usage          ;
+---------------------------------------------+----------------+
; Estimate of Logic utilization (ALMs needed) ; 48             ;
;                                             ;                ;
; Combinational ALUT usage for logic          ; 75             ;
;     -- 7 input functions                    ; 1              ;
;     -- 6 input functions                    ; 18             ;
;     -- 5 input functions                    ; 19             ;
;     -- 4 input functions                    ; 13             ;
;     -- <=3 input functions                  ; 24             ;
;                                             ;                ;
; Dedicated logic registers                   ; 50             ;
;                                             ;                ;
; I/O pins                                    ; 9              ;
;                                             ;                ;
; Total DSP Blocks                            ; 0              ;
;                                             ;                ;
; Maximum fan-out node                        ; clock_50~input ;
; Maximum fan-out                             ; 49             ;
; Total fan-out                               ; 454            ;
; Average fan-out                             ; 3.15           ;
+---------------------------------------------+----------------+


+-----------------------------------------------------------------------------------------------------------------------------------------------------------------------------------------------------------------+
; Analysis & Synthesis Resource Utilization by Entity                                                                                                                                                             ;
+-------------------------------+---------------------+---------------------------+-------------------+------------+------+--------------+---------------------------------------+-----------------+--------------+
; Compilation Hierarchy Node    ; Combinational ALUTs ; Dedicated Logic Registers ; Block Memory Bits ; DSP Blocks ; Pins ; Virtual Pins ; Full Hierarchy Name                   ; Entity Name     ; Library Name ;
+-------------------------------+---------------------+---------------------------+-------------------+------------+------+--------------+---------------------------------------+-----------------+--------------+
; |audio_codec                  ; 75 (1)              ; 50 (1)                    ; 0                 ; 0          ; 9    ; 0            ; |audio_codec                          ; audio_codec     ; work         ;
;    |clock_divider:u0|         ; 5 (5)               ; 5 (5)                     ; 0                 ; 0          ; 0    ; 0            ; |audio_codec|clock_divider:u0         ; clock_divider   ; work         ;
;    |i2c:WM8731|               ; 56 (56)             ; 32 (32)                   ; 0                 ; 0          ; 0    ; 0            ; |audio_codec|i2c:WM8731               ; i2c             ; work         ;
;    |i2c_initializer:I2C_INIT| ; 13 (13)             ; 12 (12)                   ; 0                 ; 0          ; 0    ; 0            ; |audio_codec|i2c_initializer:I2C_INIT ; i2c_initializer ; work         ;
+-------------------------------+---------------------+---------------------------+-------------------+------------+------+--------------+---------------------------------------+-----------------+--------------+
Note: For table entries with two numbers listed, the numbers in parentheses indicate the number of resources of the given type used by the specific entity alone. The numbers listed outside of parentheses indicate the total resources of the given type used by the specific entity and all of its sub-entities in the hierarchy.


Encoding Type:  One-Hot
+--------------------------------------------------------------------------------------------+
; State Machine - |audio_codec|i2c_initializer:I2C_INIT|i2c_state                            ;
+--------------------+--------------------+----------------+----------------+----------------+
; Name               ; i2c_state.I2C_WAIT ; i2c_state.SEND ; i2c_state.INIT ; i2c_state.IDLE ;
+--------------------+--------------------+----------------+----------------+----------------+
; i2c_state.IDLE     ; 0                  ; 0              ; 0              ; 0              ;
; i2c_state.INIT     ; 0                  ; 0              ; 1              ; 1              ;
; i2c_state.SEND     ; 0                  ; 1              ; 0              ; 1              ;
; i2c_state.I2C_WAIT ; 1                  ; 0              ; 0              ; 1              ;
+--------------------+--------------------+----------------+----------------+----------------+


Encoding Type:  One-Hot
+-------------------------------------------------------------------------------------------------------------------------------------------+
; State Machine - |audio_codec|i2c:WM8731|i2c_fsm                                                                                           ;
+-------------+-------------+-------------+-------------+-------------+-------------+-------------+-------------+-------------+-------------+
; Name        ; i2c_fsm.st8 ; i2c_fsm.st7 ; i2c_fsm.st6 ; i2c_fsm.st5 ; i2c_fsm.st4 ; i2c_fsm.st3 ; i2c_fsm.st2 ; i2c_fsm.st1 ; i2c_fsm.st0 ;
+-------------+-------------+-------------+-------------+-------------+-------------+-------------+-------------+-------------+-------------+
; i2c_fsm.st0 ; 0           ; 0           ; 0           ; 0           ; 0           ; 0           ; 0           ; 0           ; 0           ;
; i2c_fsm.st1 ; 0           ; 0           ; 0           ; 0           ; 0           ; 0           ; 0           ; 1           ; 1           ;
; i2c_fsm.st2 ; 0           ; 0           ; 0           ; 0           ; 0           ; 0           ; 1           ; 0           ; 1           ;
; i2c_fsm.st3 ; 0           ; 0           ; 0           ; 0           ; 0           ; 1           ; 0           ; 0           ; 1           ;
; i2c_fsm.st4 ; 0           ; 0           ; 0           ; 0           ; 1           ; 0           ; 0           ; 0           ; 1           ;
; i2c_fsm.st5 ; 0           ; 0           ; 0           ; 1           ; 0           ; 0           ; 0           ; 0           ; 1           ;
; i2c_fsm.st6 ; 0           ; 0           ; 1           ; 0           ; 0           ; 0           ; 0           ; 0           ; 1           ;
; i2c_fsm.st7 ; 0           ; 1           ; 0           ; 0           ; 0           ; 0           ; 0           ; 0           ; 1           ;
; i2c_fsm.st8 ; 1           ; 0           ; 0           ; 0           ; 0           ; 0           ; 0           ; 0           ; 1           ;
+-------------+-------------+-------------+-------------+-------------+-------------+-------------+-------------+-------------+-------------+


+-----------------------------------------------------------------------------------------+
; Registers Removed During Synthesis                                                      ;
+------------------------------------------------+----------------------------------------+
; Register name                                  ; Reason for Removal                     ;
+------------------------------------------------+----------------------------------------+
; i2c_initializer:I2C_INIT|i2c_data[0,1,3,7..15] ; Stuck at GND due to stuck port data_in ;
; i2c_initializer:I2C_INIT|i2c_addr[0,1]         ; Stuck at GND due to stuck port data_in ;
; i2c_initializer:I2C_INIT|i2c_addr[2]           ; Stuck at VCC due to stuck port data_in ;
; i2c_initializer:I2C_INIT|i2c_addr[3]           ; Stuck at GND due to stuck port data_in ;
; i2c_initializer:I2C_INIT|i2c_addr[4,5]         ; Stuck at VCC due to stuck port data_in ;
; i2c_initializer:I2C_INIT|i2c_addr[6,7]         ; Stuck at GND due to stuck port data_in ;
; Total Number of Removed Registers = 20         ;                                        ;
+------------------------------------------------+----------------------------------------+


+------------------------------------------------------+
; General Register Statistics                          ;
+----------------------------------------------+-------+
; Statistic                                    ; Value ;
+----------------------------------------------+-------+
; Total registers                              ; 50    ;
; Number of registers using Synchronous Clear  ; 9     ;
; Number of registers using Synchronous Load   ; 0     ;
; Number of registers using Asynchronous Clear ; 0     ;
; Number of registers using Asynchronous Load  ; 0     ;
; Number of registers using Clock Enable       ; 11    ;
; Number of registers using Preset             ; 0     ;
+----------------------------------------------+-------+


+---------------------------------------------------------------------------------------------------------------------------------------------------------------+
; Multiplexer Restructuring Statistics (Restructuring Performed)                                                                                                ;
+--------------------+-----------+---------------+----------------------+------------------------+------------+-------------------------------------------------+
; Multiplexer Inputs ; Bus Width ; Baseline Area ; Area if Restructured ; Saving if Restructured ; Registered ; Example Multiplexer Output                      ;
+--------------------+-----------+---------------+----------------------+------------------------+------------+-------------------------------------------------+
; 7:1                ; 3 bits    ; 12 LEs        ; 6 LEs                ; 6 LEs                  ; Yes        ; |audio_codec|i2c:WM8731|data_index[2]           ;
; 6:1                ; 2 bits    ; 8 LEs         ; 4 LEs                ; 4 LEs                  ; No         ; |audio_codec|i2c_initializer:I2C_INIT|Selector5 ;
; 5:1                ; 3 bits    ; 9 LEs         ; 6 LEs                ; 3 LEs                  ; No         ; |audio_codec|i2c:WM8731|i2c_fsm                 ;
+--------------------+-----------+---------------+----------------------+------------------------+------------+-------------------------------------------------+


+---------------------------------------------------------------------------------------------------------------------+
; Port Connectivity Checks: "i2c_initializer:I2C_INIT"                                                                ;
+-----------+--------+----------+-------------------------------------------------------------------------------------+
; Port      ; Type   ; Severity ; Details                                                                             ;
+-----------+--------+----------+-------------------------------------------------------------------------------------+
; start     ; Input  ; Info     ; Stuck at VCC                                                                        ;
; init_done ; Output ; Info     ; Connected to dangling logic. Logic that only feeds a dangling port will be removed. ;
+-----------+--------+----------+-------------------------------------------------------------------------------------+


+-----------------------------------------------------+
; Post-Synthesis Netlist Statistics for Top Partition ;
+-----------------------+-----------------------------+
; Type                  ; Count                       ;
+-----------------------+-----------------------------+
; arriav_ff             ; 50                          ;
;     ENA               ; 11                          ;
;     SCLR              ; 9                           ;
;     plain             ; 30                          ;
; arriav_io_obuf        ; 1                           ;
; arriav_lcell_comb     ; 75                          ;
;     arith             ; 9                           ;
;         1 data inputs ; 9                           ;
;     extend            ; 1                           ;
;         7 data inputs ; 1                           ;
;     normal            ; 65                          ;
;         1 data inputs ; 1                           ;
;         2 data inputs ; 6                           ;
;         3 data inputs ; 8                           ;
;         4 data inputs ; 13                          ;
;         5 data inputs ; 19                          ;
;         6 data inputs ; 18                          ;
; boundary_port         ; 9                           ;
;                       ;                             ;
; Max LUT depth         ; 4.00                        ;
; Average LUT depth     ; 1.81                        ;
+-----------------------+-----------------------------+


+-------------------------------+
; Elapsed Time Per Partition    ;
+----------------+--------------+
; Partition Name ; Elapsed Time ;
+----------------+--------------+
; Top            ; 00:00:00     ;
+----------------+--------------+


+-------------------------------+
; Analysis & Synthesis Messages ;
+-------------------------------+
Info: *******************************************************************
Info: Running Quartus Prime Analysis & Synthesis
    Info: Version 21.1.1 Build 850 06/23/2022 SJ Lite Edition
    Info: Processing started: Wed Jun 12 11:56:22 2024
Info: Command: quartus_map --read_settings_files=on --write_settings_files=off audio_codec -c audio_codec
Warning (18236): Number of processors has not been specified which may cause overloading on shared machines.  Set the global assignment NUM_PARALLEL_PROCESSORS in your QSF to an appropriate value for best performance.
Info (20030): Parallel compilation is enabled and will use 4 of the 4 processors detected
Info (12021): Found 2 design units, including 1 entities, in source file audio_codec.vhd
    Info (12022): Found design unit 1: audio_codec-main File: D:/RTU/FPGA/WM8731_codec/WM8731_codec/audio_codec.vhd Line: 22
    Info (12023): Found entity 1: audio_codec File: D:/RTU/FPGA/WM8731_codec/WM8731_codec/audio_codec.vhd Line: 5
Info (12021): Found 2 design units, including 1 entities, in source file i2c.vhd
    Info (12022): Found design unit 1: i2c-main File: D:/RTU/FPGA/WM8731_codec/WM8731_codec/i2c.vhd Line: 20
    Info (12023): Found entity 1: i2c File: D:/RTU/FPGA/WM8731_codec/WM8731_codec/i2c.vhd Line: 6
Info (12021): Found 2 design units, including 1 entities, in source file clock_divider.vhd
    Info (12022): Found design unit 1: clock_divider-Behavioral File: D:/RTU/FPGA/WM8731_codec/WM8731_codec/clock_divider.vhd Line: 12
    Info (12023): Found entity 1: clock_divider File: D:/RTU/FPGA/WM8731_codec/WM8731_codec/clock_divider.vhd Line: 5
Info (12021): Found 2 design units, including 1 entities, in source file output_files/i2c_initializer.vhd
    Info (12022): Found design unit 1: i2c_initializer-Behavioral File: D:/RTU/FPGA/WM8731_codec/WM8731_codec/output_files/i2c_initializer.vhd Line: 18
    Info (12023): Found entity 1: i2c_initializer File: D:/RTU/FPGA/WM8731_codec/WM8731_codec/output_files/i2c_initializer.vhd Line: 5
Info (12127): Elaborating entity "audio_codec" for the top level hierarchy
Warning (10036): Verilog HDL or VHDL warning at audio_codec.vhd(37): object "i2c_init_done" assigned a value but never read File: D:/RTU/FPGA/WM8731_codec/WM8731_codec/audio_codec.vhd Line: 37
Info (12128): Elaborating entity "clock_divider" for hierarchy "clock_divider:u0" File: D:/RTU/FPGA/WM8731_codec/WM8731_codec/audio_codec.vhd Line: 74
Info (12128): Elaborating entity "i2c" for hierarchy "i2c:WM8731" File: D:/RTU/FPGA/WM8731_codec/WM8731_codec/audio_codec.vhd Line: 81
Info (12128): Elaborating entity "i2c_initializer" for hierarchy "i2c_initializer:I2C_INIT" File: D:/RTU/FPGA/WM8731_codec/WM8731_codec/audio_codec.vhd Line: 94
Info (286030): Timing-Driven Synthesis is running
Info (16010): Generating hard_block partition "hard_block:auto_generated_inst"
    Info (16011): Adding 0 node(s), including 0 DDIO, 0 PLL, 0 transceiver and 0 LCELL
Info (21057): Implemented 86 device resources after synthesis - the final resource count might be different
    Info (21058): Implemented 2 input pins
    Info (21059): Implemented 6 output pins
    Info (21060): Implemented 1 bidirectional pins
    Info (21061): Implemented 77 logic cells
Info: Quartus Prime Analysis & Synthesis was successful. 0 errors, 2 warnings
    Info: Peak virtual memory: 4894 megabytes
    Info: Processing ended: Wed Jun 12 11:56:33 2024
    Info: Elapsed time: 00:00:11
    Info: Total CPU time (on all processors): 00:00:08


